<?xml version="1.0" encoding="UTF-8"?>
<!-- Generated by org.testng.reporters.JUnitReportReporter -->
<testsuite hostname="Mirzetas-MacBook-Pro-16.local" failures="0" tests="9" name="regression.VerifySpecificItem" time="1.622" errors="0" timestamp="06 Jun 2021 13:27:56 GMT" skipped="0">
  <testcase classname="regression.VerifySpecificItem" name="verifyHomepage" time="0.161"/>
  <testcase classname="regression.VerifySpecificItem" name="clickViewItemsButton" time="0.328"/>
  <testcase classname="regression.VerifySpecificItem" name="verifyDisplayedTableTitle" time="0.134"/>
  <testcase classname="regression.VerifySpecificItem" name="openSpecificProduct" time="0.285"/>
  <testcase classname="regression.VerifySpecificItem" name="verifyProductID" time="0.157"/>
  <testcase classname="regression.VerifySpecificItem" name="verifySpecificProductName" time="0.157"/>
  <testcase classname="regression.VerifySpecificItem" name="verifySpecificProductMaterial" time="0.135"/>
  <testcase classname="regression.VerifySpecificItem" name="verifySpecificProductManufacturer" time="0.133"/>
  <testcase classname="regression.VerifySpecificItem" name="verifyProductPrice" time="0.132"/>
</testsuite> <!-- regression.VerifySpecificItem -->
