<?xml version="1.0" encoding="UTF-8"?>
<!-- Generated by org.testng.reporters.JUnitReportReporter -->
<testsuite hostname="Mirzetas-MacBook-Pro-16.local" failures="0" tests="4" name="regression.ViewAllItems" time="0.927" errors="0" timestamp="06 Jun 2021 13:27:56 GMT" skipped="0">
  <testcase classname="regression.ViewAllItems" name="verifyHomepage" time="0.207"/>
  <testcase classname="regression.ViewAllItems" name="clickViewItemsButton" time="0.346"/>
  <testcase classname="regression.ViewAllItems" name="verifyDisplayedTableTitle" time="0.134"/>
  <testcase classname="regression.ViewAllItems" name="checkAllItemsInTable" time="0.240"/>
</testsuite> <!-- regression.ViewAllItems -->
